2021-09-16 01:35:32.793 +06:00 [INF] Application Starting up
2021-09-16 01:37:26.164 +06:00 [INF] User logged in.
2021-09-16 01:41:50.344 +06:00 [INF] Application Starting up
2021-09-16 01:44:19.834 +06:00 [INF] Application Starting up
2021-09-16 01:46:53.014 +06:00 [INF] Application Starting up
2021-09-16 01:47:26.534 +06:00 [ERR] Create Group Failed
AutoMapper.AutoMapperMappingException: Missing type map configuration or unsupported mapping.

Mapping types:
Object -> Group
System.Object -> DataImporter.Membership.Entities.Group
   at lambda_method626(Closure , Object , Group , ResolutionContext )
   at DataImporter.Membership.Services.GroupService.CreateGroup(GroupBO group) in G:\assignment-3\DataImporter\DataImporter.Membership\Services\GroupService.cs:line 29
   at DataImporter.Areas.DataControlArea.Models.CreateGroupModel.CreateGroup() in G:\assignment-3\DataImporter\DataImporter\Areas\DataControlArea\Models\CreateGroupModel.cs:line 37
   at DataImporter.Areas.DataControlArea.Controllers.DataController.CreateGroups(CreateGroupModel model) in G:\assignment-3\DataImporter\DataImporter\Areas\DataControlArea\Controllers\DataController.cs:line 41
2021-09-16 01:55:08.076 +06:00 [INF] Application Starting up
2021-09-16 10:00:26.513 +06:00 [INF] Application Starting up
2021-09-16 10:02:04.406 +06:00 [INF] User created a new account with password.
2021-09-16 10:21:51.808 +06:00 [INF] Application Starting up
2021-09-16 10:22:24.648 +06:00 [INF] User logged in.
2021-09-16 10:33:37.079 +06:00 [INF] Application Starting up
2021-09-16 10:34:00.584 +06:00 [INF] User logged in.
2021-09-16 10:51:51.686 +06:00 [INF] Application Starting up
2021-09-16 10:54:55.964 +06:00 [INF] Application Starting up
2021-09-16 12:04:37.747 +06:00 [INF] Application Starting up
2021-09-16 12:05:11.666 +06:00 [INF] User logged in.
2021-09-16 12:16:12.840 +06:00 [INF] Application Starting up
2021-09-16 12:17:27.176 +06:00 [INF] Application Starting up
2021-09-16 16:21:44.373 +06:00 [INF] Application Starting up
2021-09-16 16:23:41.801 +06:00 [INF] User logged in.
2021-09-16 16:26:37.646 +06:00 [INF] Application Starting up
2021-09-16 16:27:59.265 +06:00 [INF] User logged in.
2021-09-16 16:33:14.259 +06:00 [INF] Application Starting up
2021-09-16 16:33:39.929 +06:00 [INF] User logged in.
2021-09-16 16:40:46.625 +06:00 [INF] Application Starting up
2021-09-16 16:41:38.572 +06:00 [INF] User logged in.
2021-09-16 16:44:21.599 +06:00 [INF] Application Starting up
2021-09-16 16:44:38.293 +06:00 [INF] User logged in.
2021-09-16 19:29:21.434 +06:00 [INF] Application Starting up
2021-09-16 19:32:15.595 +06:00 [INF] User logged in.
2021-09-16 20:30:18.772 +06:00 [INF] Application Starting up
2021-09-16 20:30:50.356 +06:00 [INF] User logged in.
2021-09-16 20:31:05.198 +06:00 [INF] User logged out.
2021-09-16 20:33:34.741 +06:00 [INF] Application Starting up
2021-09-16 20:37:52.840 +06:00 [INF] Application Starting up
2021-09-16 20:38:15.190 +06:00 [INF] User logged in.
2021-09-16 20:51:10.483 +06:00 [INF] Application Starting up
2021-09-16 20:51:42.089 +06:00 [INF] User logged in.
2021-09-16 20:54:39.805 +06:00 [INF] Application Starting up
2021-09-16 20:54:58.285 +06:00 [INF] User logged in.
2021-09-16 23:24:03.928 +06:00 [INF] Application Starting up
2021-09-16 23:24:29.854 +06:00 [INF] User logged in.
2021-09-16 23:30:49.545 +06:00 [INF] Application Starting up
2021-09-16 23:35:16.993 +06:00 [INF] User logged in.
