2021-09-26 00:29:33.431 +06:00 [INF] Application Starting up
2021-09-26 00:31:06.531 +06:00 [INF] User logged in.
2021-09-26 00:43:50.724 +06:00 [INF] Application Starting up
2021-09-26 00:46:34.471 +06:00 [INF] Application Starting up
2021-09-26 00:52:43.009 +06:00 [INF] Application Starting up
2021-09-26 01:02:35.063 +06:00 [INF] Application Starting up
2021-09-26 01:20:31.331 +06:00 [INF] Application Starting up
2021-09-26 02:04:51.392 +06:00 [INF] Application Starting up
2021-09-26 02:05:42.607 +06:00 [INF] User logged in.
2021-09-26 03:39:29.338 +06:00 [INF] Application Starting up
2021-09-26 03:40:20.921 +06:00 [INF] User logged in.
2021-09-26 03:40:30.048 +06:00 [ERR] An unhandled exception has occurred while executing the request.
System.InvalidOperationException: There is no ViewData item of type 'IEnumerable<SelectListItem>' that has the key 'Mylst'.
   at Microsoft.AspNetCore.Mvc.ViewFeatures.DefaultHtmlGenerator.GetSelectListItems(ViewContext viewContext, String expression)
   at Microsoft.AspNetCore.Mvc.ViewFeatures.DefaultHtmlGenerator.GenerateSelect(ViewContext viewContext, ModelExplorer modelExplorer, String optionLabel, String expression, IEnumerable`1 selectList, ICollection`1 currentValues, Boolean allowMultiple, Object htmlAttributes)
   at Microsoft.AspNetCore.Mvc.ViewFeatures.DefaultHtmlGenerator.GenerateSelect(ViewContext viewContext, ModelExplorer modelExplorer, String optionLabel, String expression, IEnumerable`1 selectList, Boolean allowMultiple, Object htmlAttributes)
   at Microsoft.AspNetCore.Mvc.ViewFeatures.HtmlHelper.GenerateDropDown(ModelExplorer modelExplorer, String expression, IEnumerable`1 selectList, String optionLabel, Object htmlAttributes)
   at Microsoft.AspNetCore.Mvc.ViewFeatures.HtmlHelper.DropDownList(String expression, IEnumerable`1 selectList, String optionLabel, Object htmlAttributes)
   at Microsoft.AspNetCore.Mvc.Rendering.HtmlHelperSelectExtensions.DropDownList(IHtmlHelper htmlHelper, String expression, IEnumerable`1 selectList, String optionLabel)
   at AspNetCore.Areas_DataControlArea_Views_Data_GetGroupsFileData.<ExecuteAsync>b__14_1() in G:\AspDotNetExam-Assignment\DataImporter\DataImporter\Areas\DataControlArea\Views\Data\GetGroupsFileData.cshtml:line 29
   at Microsoft.AspNetCore.Razor.Runtime.TagHelpers.TagHelperExecutionContext.GetChildContentAsync(Boolean useCachedResult, HtmlEncoder encoder)
   at Microsoft.AspNetCore.Mvc.TagHelpers.RenderAtEndOfFormTagHelper.ProcessAsync(TagHelperContext context, TagHelperOutput output)
   at Microsoft.AspNetCore.Razor.Runtime.TagHelpers.TagHelperRunner.<RunAsync>g__Awaited|0_0(Task task, TagHelperExecutionContext executionContext, Int32 i, Int32 count)
   at AspNetCore.Areas_DataControlArea_Views_Data_GetGroupsFileData.ExecuteAsync() in G:\AspDotNetExam-Assignment\DataImporter\DataImporter\Areas\DataControlArea\Views\Data\GetGroupsFileData.cshtml:line 25
   at Microsoft.AspNetCore.Mvc.Razor.RazorView.RenderPageCoreAsync(IRazorPage page, ViewContext context)
   at Microsoft.AspNetCore.Mvc.Razor.RazorView.RenderPageAsync(IRazorPage page, ViewContext context, Boolean invokeViewStarts)
   at Microsoft.AspNetCore.Mvc.Razor.RazorView.RenderAsync(ViewContext context)
   at Microsoft.AspNetCore.Mvc.ViewFeatures.ViewExecutor.ExecuteAsync(ViewContext viewContext, String contentType, Nullable`1 statusCode)
   at Microsoft.AspNetCore.Mvc.ViewFeatures.ViewExecutor.ExecuteAsync(ViewContext viewContext, String contentType, Nullable`1 statusCode)
   at Microsoft.AspNetCore.Mvc.ViewFeatures.ViewExecutor.ExecuteAsync(ActionContext actionContext, IView view, ViewDataDictionary viewData, ITempDataDictionary tempData, String contentType, Nullable`1 statusCode)
   at Microsoft.AspNetCore.Mvc.ViewFeatures.ViewResultExecutor.ExecuteAsync(ActionContext context, ViewResult result)
   at Microsoft.AspNetCore.Mvc.ViewResult.ExecuteResultAsync(ActionContext context)
   at Microsoft.AspNetCore.Mvc.Infrastructure.ResourceInvoker.<InvokeNextResultFilterAsync>g__Awaited|29_0[TFilter,TFilterAsync](ResourceInvoker invoker, Task lastTask, State next, Scope scope, Object state, Boolean isCompleted)
   at Microsoft.AspNetCore.Mvc.Infrastructure.ResourceInvoker.Rethrow(ResultExecutedContextSealed context)
   at Microsoft.AspNetCore.Mvc.Infrastructure.ResourceInvoker.ResultNext[TFilter,TFilterAsync](State& next, Scope& scope, Object& state, Boolean& isCompleted)
   at Microsoft.AspNetCore.Mvc.Infrastructure.ResourceInvoker.InvokeResultFilters()
--- End of stack trace from previous location ---
   at Microsoft.AspNetCore.Mvc.Infrastructure.ResourceInvoker.<InvokeNextResourceFilter>g__Awaited|24_0(ResourceInvoker invoker, Task lastTask, State next, Scope scope, Object state, Boolean isCompleted)
   at Microsoft.AspNetCore.Mvc.Infrastructure.ResourceInvoker.Rethrow(ResourceExecutedContextSealed context)
   at Microsoft.AspNetCore.Mvc.Infrastructure.ResourceInvoker.Next(State& next, Scope& scope, Object& state, Boolean& isCompleted)
   at Microsoft.AspNetCore.Mvc.Infrastructure.ResourceInvoker.InvokeFilterPipelineAsync()
--- End of stack trace from previous location ---
   at Microsoft.AspNetCore.Mvc.Infrastructure.ResourceInvoker.<InvokeAsync>g__Awaited|17_0(ResourceInvoker invoker, Task task, IDisposable scope)
   at Microsoft.AspNetCore.Routing.EndpointMiddleware.<Invoke>g__AwaitRequestTask|6_0(Endpoint endpoint, Task requestTask, ILogger logger)
   at Microsoft.AspNetCore.Authorization.Policy.AuthorizationMiddlewareResultHandler.HandleAsync(RequestDelegate next, HttpContext context, AuthorizationPolicy policy, PolicyAuthorizationResult authorizeResult)
   at Microsoft.AspNetCore.Authorization.AuthorizationMiddleware.Invoke(HttpContext context)
   at Microsoft.AspNetCore.Authentication.AuthenticationMiddleware.Invoke(HttpContext context)
   at Microsoft.AspNetCore.Diagnostics.EntityFrameworkCore.MigrationsEndPointMiddleware.Invoke(HttpContext context)
   at Microsoft.AspNetCore.Diagnostics.DeveloperExceptionPageMiddleware.Invoke(HttpContext context)
2021-09-26 12:17:10.048 +06:00 [INF] Application Starting up
2021-09-26 12:18:00.552 +06:00 [INF] Application Starting up
2021-09-26 12:18:45.779 +06:00 [INF] User logged in.
2021-09-26 12:25:46.687 +06:00 [INF] Application Starting up
2021-09-26 12:26:25.535 +06:00 [INF] User logged in.
2021-09-26 12:29:46.767 +06:00 [INF] Application Starting up
2021-09-26 12:40:25.213 +06:00 [INF] Application Starting up
2021-09-26 12:42:13.949 +06:00 [INF] Application Starting up
2021-09-26 12:44:08.325 +06:00 [INF] Application Starting up
2021-09-26 12:44:13.737 +06:00 [INF] User logged out.
2021-09-26 12:44:47.139 +06:00 [INF] User created a new account with password.
2021-09-26 12:45:14.921 +06:00 [INF] User logged out.
2021-09-26 12:50:46.392 +06:00 [INF] Application Starting up
2021-09-26 12:51:27.297 +06:00 [INF] User logged in.
2021-09-26 12:52:44.525 +06:00 [INF] Application Starting up
2021-09-26 12:57:54.795 +06:00 [INF] Application Starting up
2021-09-26 17:43:23.902 +06:00 [INF] Application Starting up
2021-09-26 17:46:03.924 +06:00 [INF] User logged in.
2021-09-26 18:01:26.521 +06:00 [INF] Application Starting up
2021-09-26 18:33:46.517 +06:00 [INF] Application Starting up
2021-09-26 19:17:56.095 +06:00 [INF] Application Starting up
2021-09-26 19:26:35.369 +06:00 [INF] Application Starting up
2021-09-26 19:27:29.383 +06:00 [INF] User created a new account with password.
2021-09-26 19:27:59.349 +06:00 [INF] User logged out.
2021-09-26 19:28:21.638 +06:00 [INF] User logged in.
2021-09-26 20:37:57.354 +06:00 [INF] Application Starting up
2021-09-26 22:30:15.086 +06:00 [INF] Application Starting up
2021-09-26 22:30:52.441 +06:00 [INF] User logged in.
2021-09-26 22:33:06.984 +06:00 [INF] Application Starting up
